[debug] [2020-01-22T01:27:39.900Z] ----------------------------------------------------------------------
[debug] [2020-01-22T01:27:39.902Z] Command:       /Users/hezhang/.nvm/versions/node/v10.14.1/bin/node /Users/hezhang/.nvm/versions/node/v10.14.1/bin/firebase init
[debug] [2020-01-22T01:27:39.902Z] CLI Version:   7.12.1
[debug] [2020-01-22T01:27:39.902Z] Platform:      darwin
[debug] [2020-01-22T01:27:39.902Z] Node Version:  v10.14.1
[debug] [2020-01-22T01:27:39.903Z] Time:          Tue Jan 21 2020 17:27:39 GMT-0800 (Pacific Standard Time)
[debug] [2020-01-22T01:27:39.903Z] ----------------------------------------------------------------------
[debug] [2020-01-22T01:27:39.903Z] 
[debug] [2020-01-22T01:27:39.909Z] > command requires scopes: ["email","openid","https://www.googleapis.com/auth/cloudplatformprojects.readonly","https://www.googleapis.com/auth/firebase","https://www.googleapis.com/auth/cloud-platform"]
[debug] [2020-01-22T01:27:39.910Z] > authorizing via signed-in user
[info] 
     ######## #### ########  ######## ########     ###     ######  ########
     ##        ##  ##     ## ##       ##     ##  ##   ##  ##       ##
     ######    ##  ########  ######   ########  #########  ######  ######
     ##        ##  ##    ##  ##       ##     ## ##     ##       ## ##
     ##       #### ##     ## ######## ########  ##     ##  ######  ########

You're about to initialize a Firebase project in this directory:

  /Users/hezhang/StudySWE/Javascript/home-dashboard

[info] 
=== Project Setup
[info] 
[info] First, let's associate this project directory with a Firebase project.
[info] You can create multiple project aliases by running firebase use --add, 
[info] but for now we'll just set up a default project.
[info] 
[debug] [2020-01-22T01:27:53.099Z] > refreshing access token with scopes: ["email","https://www.googleapis.com/auth/cloud-platform","https://www.googleapis.com/auth/cloudplatformprojects.readonly","https://www.googleapis.com/auth/firebase","openid"]
[debug] [2020-01-22T01:27:53.099Z] >>> HTTP REQUEST POST https://www.googleapis.com/oauth2/v3/token  
 <request body omitted>
[debug] [2020-01-22T01:27:53.277Z] <<< HTTP RESPONSE 400
[debug] [2020-01-22T01:27:53.278Z] >>> HTTP REQUEST GET https://firebase.googleapis.com/v1beta1/projects?pageSize=100  
 
[debug] [2020-01-22T01:27:53.459Z] <<< HTTP RESPONSE 401
[debug] [2020-01-22T01:27:53.459Z] <<< HTTP RESPONSE BODY
[debug] [2020-01-22T01:27:53.461Z] HTTP Error: 401, Request had invalid authentication credentials. Expected OAuth 2 access token, login cookie or other valid authentication credential. See https://developers.google.com/identity/sign-in/web/devconsole-project.
[debug] [2020-01-22T01:27:53.558Z] FirebaseError: HTTP Error: 401, Request had invalid authentication credentials. Expected OAuth 2 access token, login cookie or other valid authentication credential. See https://developers.google.com/identity/sign-in/web/devconsole-project.
    at module.exports (/Users/hezhang/.nvm/versions/node/v10.14.1/lib/node_modules/firebase-tools/lib/responseToError.js:38:12)
    at Request._callback (/Users/hezhang/.nvm/versions/node/v10.14.1/lib/node_modules/firebase-tools/lib/api.js:39:35)
    at Request.self.callback (/Users/hezhang/.nvm/versions/node/v10.14.1/lib/node_modules/firebase-tools/node_modules/request/request.js:185:22)
    at Request.emit (events.js:182:13)
    at Request.EventEmitter.emit (domain.js:442:20)
    at Request.<anonymous> (/Users/hezhang/.nvm/versions/node/v10.14.1/lib/node_modules/firebase-tools/node_modules/request/request.js:1161:10)
    at Request.emit (events.js:182:13)
    at Request.EventEmitter.emit (domain.js:442:20)
    at IncomingMessage.<anonymous> (/Users/hezhang/.nvm/versions/node/v10.14.1/lib/node_modules/firebase-tools/node_modules/request/request.js:1083:12)
    at Object.onceWrapper (events.js:273:13)
    at IncomingMessage.emit (events.js:187:15)
    at IncomingMessage.EventEmitter.emit (domain.js:442:20)
    at endReadableNT (_stream_readable.js:1094:12)
    at process._tickCallback (internal/process/next_tick.js:63:19)
[error] 
[error] Error: Failed to list Firebase projects. See firebase-debug.log for more info.
[debug] [2020-01-22T01:28:00.830Z] ----------------------------------------------------------------------
[debug] [2020-01-22T01:28:00.833Z] Command:       /Users/hezhang/.nvm/versions/node/v10.14.1/bin/node /Users/hezhang/.nvm/versions/node/v10.14.1/bin/firebase init
[debug] [2020-01-22T01:28:00.833Z] CLI Version:   7.12.1
[debug] [2020-01-22T01:28:00.833Z] Platform:      darwin
[debug] [2020-01-22T01:28:00.833Z] Node Version:  v10.14.1
[debug] [2020-01-22T01:28:00.834Z] Time:          Tue Jan 21 2020 17:28:00 GMT-0800 (Pacific Standard Time)
[debug] [2020-01-22T01:28:00.834Z] ----------------------------------------------------------------------
[debug] [2020-01-22T01:28:00.834Z] 
[debug] [2020-01-22T01:28:00.840Z] > command requires scopes: ["email","openid","https://www.googleapis.com/auth/cloudplatformprojects.readonly","https://www.googleapis.com/auth/firebase","https://www.googleapis.com/auth/cloud-platform"]
[debug] [2020-01-22T01:28:00.841Z] > authorizing via signed-in user
[info] 
     ######## #### ########  ######## ########     ###     ######  ########
     ##        ##  ##     ## ##       ##     ##  ##   ##  ##       ##
     ######    ##  ########  ######   ########  #########  ######  ######
     ##        ##  ##    ##  ##       ##     ## ##     ##       ## ##
     ##       #### ##     ## ######## ########  ##     ##  ######  ########

You're about to initialize a Firebase project in this directory:

  /Users/hezhang/StudySWE/Javascript/home-dashboard

[info] 
=== Project Setup
[info] 
[info] First, let's associate this project directory with a Firebase project.
[info] You can create multiple project aliases by running firebase use --add, 
[info] but for now we'll just set up a default project.
[info] 
[debug] [2020-01-22T01:28:09.296Z] > refreshing access token with scopes: ["email","https://www.googleapis.com/auth/cloud-platform","https://www.googleapis.com/auth/cloudplatformprojects.readonly","https://www.googleapis.com/auth/firebase","openid"]
[debug] [2020-01-22T01:28:09.297Z] >>> HTTP REQUEST POST https://www.googleapis.com/oauth2/v3/token  
 <request body omitted>
[debug] [2020-01-22T01:28:09.439Z] <<< HTTP RESPONSE 400
[debug] [2020-01-22T01:28:09.441Z] >>> HTTP REQUEST GET https://firebase.googleapis.com/v1beta1/availableProjects?pageSize=100  
 
[debug] [2020-01-22T01:28:09.597Z] <<< HTTP RESPONSE 401
[debug] [2020-01-22T01:28:09.598Z] <<< HTTP RESPONSE BODY
[debug] [2020-01-22T01:28:09.599Z] HTTP Error: 401, Request had invalid authentication credentials. Expected OAuth 2 access token, login cookie or other valid authentication credential. See https://developers.google.com/identity/sign-in/web/devconsole-project.
[debug] [2020-01-22T01:28:09.709Z] FirebaseError: HTTP Error: 401, Request had invalid authentication credentials. Expected OAuth 2 access token, login cookie or other valid authentication credential. See https://developers.google.com/identity/sign-in/web/devconsole-project.
    at module.exports (/Users/hezhang/.nvm/versions/node/v10.14.1/lib/node_modules/firebase-tools/lib/responseToError.js:38:12)
    at Request._callback (/Users/hezhang/.nvm/versions/node/v10.14.1/lib/node_modules/firebase-tools/lib/api.js:39:35)
    at Request.self.callback (/Users/hezhang/.nvm/versions/node/v10.14.1/lib/node_modules/firebase-tools/node_modules/request/request.js:185:22)
    at Request.emit (events.js:182:13)
    at Request.EventEmitter.emit (domain.js:442:20)
    at Request.<anonymous> (/Users/hezhang/.nvm/versions/node/v10.14.1/lib/node_modules/firebase-tools/node_modules/request/request.js:1161:10)
    at Request.emit (events.js:182:13)
    at Request.EventEmitter.emit (domain.js:442:20)
    at IncomingMessage.<anonymous> (/Users/hezhang/.nvm/versions/node/v10.14.1/lib/node_modules/firebase-tools/node_modules/request/request.js:1083:12)
    at Object.onceWrapper (events.js:273:13)
    at IncomingMessage.emit (events.js:187:15)
    at IncomingMessage.EventEmitter.emit (domain.js:442:20)
    at endReadableNT (_stream_readable.js:1094:12)
    at process._tickCallback (internal/process/next_tick.js:63:19)
[error] 
[error] Error: Failed to list available Google Cloud Platform projects. See firebase-debug.log for more info.
